[2025-04-09 19:02:03] DEBUG: Info - Logverzeichnis wurde erstellt: Z:\OD_PowerShell\easyEXO\#OLD\Logs
[2025-04-09 19:02:03] DEBUG: Error - GUI-Helper-Modul nicht gefunden: Z:\OD_PowerShell\easyEXO\#OLD\Modules\GUI-Helper.psm1
2025-04-09 19:02:03 - DEBUG: Info - Lade XAML aus Datei: Z:\OD_PowerShell\easyEXO\#OLD\assets\EXOGUI.xaml
2025-04-09 19:02:04 - DEBUG: Success - XAML-Datei erfolgreich geladen
2025-04-09 19:02:04 - XAML-GUI erfolgreich aus Datei geladen: Z:\OD_PowerShell\easyEXO\#OLD\assets\EXOGUI.xaml
2025-04-09 19:02:04 - DEBUG: Warning - Das EXO Limits Navigation Element wurde nicht gefunden. M?glicherweise fehlt es in der XAML-Datei.
2025-04-09 19:02:04 - Warnung: Das EXO Limits Navigation Element konnte nicht geladen werden.
2025-04-09 19:02:06 - Navigation zu Postfachberechtigungen
2025-04-09 19:02:07 - Navigation zu Kalenderberechtigungen
2025-04-09 19:02:09 - Navigation zu Postfachberechtigungen
2025-04-09 19:02:11 - Navigation zu Kalenderberechtigungen
2025-04-09 19:02:13 - Navigation zu Postfachberechtigungen
2025-04-09 19:02:30 - DEBUG: Info - Lade XAML aus Datei: Z:\OD_PowerShell\easyEXO\#OLD\assets\EXOGUI.xaml
2025-04-09 19:02:30 - DEBUG: Success - XAML-Datei erfolgreich geladen
2025-04-09 19:02:30 - XAML-GUI erfolgreich aus Datei geladen: Z:\OD_PowerShell\easyEXO\#OLD\assets\EXOGUI.xaml
2025-04-09 19:02:42 - DEBUG: Info - Lade XAML aus Datei: Z:\OD_PowerShell\easyEXO\#OLD\assets\EXOGUI.xaml
2025-04-09 19:02:42 - DEBUG: Success - XAML-Datei erfolgreich geladen
2025-04-09 19:02:42 - XAML-GUI erfolgreich aus Datei geladen: Z:\OD_PowerShell\easyEXO\#OLD\assets\EXOGUI.xaml
2025-04-10 11:07:18 - DEBUG: Info - Lade XAML aus Datei: Z:\OD_PowerShell\easyEXO\#OLD\assets\EXOGUI.xaml
2025-04-10 11:07:19 - DEBUG: Success - XAML-Datei erfolgreich geladen
2025-04-10 11:07:19 - XAML-GUI erfolgreich aus Datei geladen: Z:\OD_PowerShell\easyEXO\#OLD\assets\EXOGUI.xaml
2025-04-10 11:07:30 - DEBUG: Info - Lade XAML aus Datei: Z:\OD_PowerShell\easyEXO\#OLD\assets\EXOGUI.xaml
2025-04-10 11:07:30 - DEBUG: Success - XAML-Datei erfolgreich geladen
2025-04-10 11:07:30 - XAML-GUI erfolgreich aus Datei geladen: Z:\OD_PowerShell\easyEXO\#OLD\assets\EXOGUI.xaml
2025-04-10 11:07:31 - Navigation zu Benutzerpostfach-Abfragen
2025-04-10 11:07:36 - Navigation zu Allgemeinen Postfachabfragen
2025-04-10 11:07:38 - Navigation zu Inaktive Benutzer Analyse
2025-04-10 11:07:39 - Verbindungsversuch zu Exchange Online mit ModernAuth
2025-04-10 11:07:50 - Exchange Online Verbindung hergestellt mit ModernAuth (MFA)
2025-04-10 11:08:12 - DEBUG: Info - MSOnline-Verbindung wird hergestellt
2025-04-10 11:08:12 - DEBUG: Error - Fehler bei der Inaktiven Benutzer-Analyse: One or more errors occurred. (Only loopback redirect uri is supported, but urn:ietf:wg:oauth:2.0:oob was found. Configure http://localhost or http://localhost:port both during app registration and when you create the PublicClientApplication object. See https://aka.ms/msal-net-os-browser for details)
2025-04-10 11:08:17 - DEBUG: Info - MSOnline-Verbindung wird hergestellt
2025-04-10 11:08:17 - DEBUG: Error - Fehler bei der Inaktiven Benutzer-Analyse: One or more errors occurred. (Only loopback redirect uri is supported, but urn:ietf:wg:oauth:2.0:oob was found. Configure http://localhost or http://localhost:port both during app registration and when you create the PublicClientApplication object. See https://aka.ms/msal-net-os-browser for details)
2025-04-10 11:08:23 - DEBUG: Info - MSOnline-Verbindung wird hergestellt
2025-04-10 11:08:23 - DEBUG: Error - Fehler bei der Inaktiven Benutzer-Analyse: One or more errors occurred. (Only loopback redirect uri is supported, but urn:ietf:wg:oauth:2.0:oob was found. Configure http://localhost or http://localhost:port both during app registration and when you create the PublicClientApplication object. See https://aka.ms/msal-net-os-browser for details)
2025-04-10 11:08:25 - Navigation zu Allgemeinen Postfachabfragen
2025-04-10 11:08:30 - DEBUG: Warning - Mailbox-Audit ausf?hren: Keine Mailbox angegeben
2025-04-10 11:08:35 - DEBUG: Warning - Mailbox-Audit ausf?hren: Keine Mailbox angegeben
2025-04-10 11:08:39 - DEBUG: Warning - Mailbox-Audit ausf?hren: Keine Mailbox angegeben
2025-04-10 11:08:45 - DEBUG: Warning - Mailbox-Audit ausf?hren: Keine Mailbox angegeben
2025-04-10 11:08:51 - DEBUG: Warning - Mailbox-Audit ausf?hren: Keine Mailbox angegeben
2025-04-10 11:08:55 - Navigation zu Benutzerpostfach-Abfragen
2025-04-10 11:08:58 - DEBUG: Warning - Mailbox-Audit ausf?hren: Keine Mailbox angegeben
2025-04-10 11:09:01 - DEBUG: Warning - Mailbox-Audit ausf?hren: Keine Mailbox angegeben
[2025-04-10 14:11:50] DEBUG: Error - GUI-Helper-Modul nicht gefunden: Z:\OD_PowerShell\easyEXO\#OLD\Modules\GUI-Helper.psm1
2025-04-10 14:11:51 - DEBUG: Info - Lade XAML aus Datei: Z:\OD_PowerShell\easyEXO\#OLD\assets\EXOGUI.xaml
2025-04-10 14:11:51 - DEBUG: Success - XAML-Datei erfolgreich geladen
2025-04-10 14:11:51 - XAML-GUI erfolgreich aus Datei geladen: Z:\OD_PowerShell\easyEXO\#OLD\assets\EXOGUI.xaml
2025-04-10 14:11:51 - DEBUG: Warning - Das EXO Limits Navigation Element wurde nicht gefunden. M?glicherweise fehlt es in der XAML-Datei.
2025-04-10 14:11:51 - Warnung: Das EXO Limits Navigation Element konnte nicht geladen werden.
2025-04-17 12:20:00 - Using PowerShell version: 7.5.0
2025-04-17 12:20:01 - DEBUG: Warning - Prim?rer XAML-Pfad nicht gefunden, versuche Fallback-Pfad: D:\2-OneDrive\OneDrive - PhinIT\05-Administratives\10-Scripte\PowerShell\# EASYit\easyEXO\#OLD\assets\EXOGUI.xaml
2025-04-17 12:20:01 - DEBUG: Success - XAML-GUI erfolgreich geladen: D:\2-OneDrive\OneDrive - PhinIT\05-Administratives\10-Scripte\PowerShell\# EASYit\easyEXO\#OLD\assets\EXOGUI.xaml
2025-04-17 12:20:01 - XAML-GUI erfolgreich geladen
2025-04-17 12:20:01 - DEBUG: Info - Hauptfenster erfolgreich geladen, fahre mit GUI-Initialisierung fort
2025-04-17 12:20:01 - DEBUG: Warning - Element nicht gefunden: btnNavGroups
2025-04-17 12:20:01 - DEBUG: Warning - Element nicht gefunden: btnNavSharedMailbox
2025-04-17 12:20:01 - DEBUG: Info - Event-Handler f?r Connect-Button registriert
2025-04-17 12:20:01 - DEBUG: Info - Event-Handler f?r btnNavCalendar.Click registriert
2025-04-17 12:20:01 - DEBUG: Info - Event-Handler f?r btnNavMailbox.Click registriert
2025-04-17 12:20:01 - DEBUG: Warning - Control nicht gefunden: btnNavGroups
2025-04-17 12:20:01 - DEBUG: Warning - Control nicht gefunden: btnNavSharedMailbox
2025-04-17 12:20:01 - DEBUG: Info - Event-Handler f?r btnNavAudit.Click registriert
2025-04-17 12:20:01 - DEBUG: Info - Event-Handler f?r btnNavTroubleshooting.Click registriert
2025-04-17 12:20:01 - DEBUG: Info - Event-Handler f?r btnCheckPrerequisites.Click registriert
2025-04-17 12:20:01 - DEBUG: Info - Event-Handler f?r btnClose.Click registriert
2025-04-17 12:20:01 - DEBUG: Info - Event-Handler f?r btnSettings.Click registriert
2025-04-17 12:20:01 - DEBUG: Info - Event-Handler f?r btnInfo.Click registriert
2025-04-17 12:20:01 - DEBUG: Info - ?ffne GUI-Fenster
